2021-09-20 13:13:22,874 WARN  [SoapUI] Missing folder [C:\Users\M1070888\eclipse-workspace\SoapUITest\ext] for external libraries
2021-09-20 13:13:23,049 INFO  [DefaultSoapUICore] initialized soapui-settings from [C:\Users\M1070888\soapui-settings.xml]
2021-09-20 13:13:24,029 INFO  [Reflections] Reflections took 117 ms to scan 2 urls, producing 75 keys and 160 values 
2021-09-20 13:13:24,118 INFO  [Reflections] Reflections took 45 ms to scan 1 urls, producing 46 keys and 344 values 
2021-09-20 13:13:24,551 INFO  [Reflections] Reflections took 14 ms to scan 1 urls, producing 11 keys and 17 values 
2021-09-20 13:13:24,923 INFO  [Reflections] Reflections took 11 ms to scan 1 urls, producing 13 keys and 21 values 
2021-09-20 13:13:26,300 INFO  [Reflections] Reflections took 1265 ms to scan 13 urls, producing 341 keys and 1458 values 
2021-09-20 13:13:26,310 INFO  [PluginManager] Adding plugin from [C:\Users\M1070888\.soapuios\plugins\soapui-swagger-plugin-2.2-dist.jar]
2021-09-20 13:13:26,310 INFO  [PluginManager] Adding plugin from [C:\Users\M1070888\.soapuios\plugins\ready-mqtt-plugin-dist.jar]
2021-09-20 13:13:26,376 INFO  [Reflections] Reflections took 41 ms to scan 2 urls, producing 75 keys and 160 values 
2021-09-20 13:13:27,067 INFO  [Reflections] Reflections took 679 ms to scan 1 urls, producing 1492 keys and 5707 values 
2021-09-20 13:13:27,105 INFO  [PluginManager] Adding plugin from [C:\Users\M1070888\.soapuios\plugins\ready-uxm-plugin-os-1.0.3.jar]
2021-09-20 13:13:27,143 INFO  [Reflections] Reflections took 16 ms to scan 1 urls, producing 46 keys and 344 values 
2021-09-20 13:13:27,438 INFO  [Reflections] Reflections took 1042 ms to scan 13 urls, producing 341 keys and 1458 values 
2021-09-20 13:13:27,689 INFO  [Reflections] Reflections took 539 ms to scan 1 urls, producing 1492 keys and 5707 values 
2021-09-20 13:13:27,705 INFO  [PluginManager] Adding plugin from [C:\Users\M1070888\.soapuios\plugins\readyapi-swaggerhub-plugin-1.0.jar]
2021-09-20 13:13:27,867 INFO  [Reflections] Reflections took 4 ms to scan 1 urls, producing 13 keys and 21 values 
2021-09-20 13:13:28,005 INFO  [Reflections] Reflections took 550 ms to scan 1 urls, producing 1492 keys and 5707 values 
2021-09-20 13:13:28,013 INFO  [PluginManager] Adding plugin from [C:\Users\M1070888\.soapuios\plugins\readyapi-postman-1.0.1.jar]
2021-09-20 13:13:28,173 INFO  [Reflections] Reflections took 5 ms to scan 1 urls, producing 11 keys and 17 values 
2021-09-20 13:13:28,353 INFO  [Reflections] Reflections took 483 ms to scan 1 urls, producing 1492 keys and 5707 values 
2021-09-20 13:13:28,616 INFO  [Reflections] Reflections took 438 ms to scan 1 urls, producing 1492 keys and 5707 values 
2021-09-20 13:13:28,623 INFO  [PluginManager] 5 plugins loaded in 2310 ms
2021-09-20 13:13:28,623 INFO  [DefaultSoapUICore] All plugins loaded
2021-09-20 13:13:30,624 INFO  [WsdlProject] Loaded project from [file:/C:/Users/M1070888/Documents/Library.xml]
2021-09-20 13:13:39,921 INFO  [WsdlProject] Loaded project from [file:/C:/Users/M1070888/Documents/Employee.xml]
2021-09-20 13:13:40,012 INFO  [WsdlProject] Loaded project from [file:/C:/Users/M1070888/Documents/Employee.xml]
2021-09-20 13:13:40,038 INFO  [WsdlProject] Loaded project from [file:/C:/Users/M1070888/Documents/Employee.xml]
2021-09-20 13:13:40,270 WARN  [Tools] Could not delete temporary directory C:\Users\M1070888\AppData\Local\Temp\76db22d8-4829-4ead-8d5a-097f341b07e1
2021-09-20 13:13:40,278 WARN  [Tools] Could not delete temporary directory C:\Users\M1070888\AppData\Local\Temp\7320a88d-7293-450f-8aef-a53f6c60244d
2021-09-20 13:13:40,278 WARN  [Tools] Could not delete temporary directory C:\Users\M1070888\AppData\Local\Temp\223dd3e6-67bf-4be6-bc73-63cc0fdefb0f
